<?xml version="1.0" encoding="UTF-8"?>
<testsuite xmlns:xsi="http://www.w3.org/2001/XMLSchema-instance" xsi:noNamespaceSchemaLocation="https://maven.apache.org/surefire/maven-surefire-plugin/xsd/surefire-test-report.xsd" name="net.xdclass.online_xdclass.OnlineXdclassApplicationTests" time="7.493" tests="1" errors="1" skipped="0" failures="0">
  <properties>
    <property name="java.specification.version" value="13"/>
    <property name="sun.jnu.encoding" value="UTF-8"/>
    <property name="java.class.path" value="/Users/xdclass/Desktop/code/online_xdclass/target/test-classes:/Users/xdclass/Desktop/code/online_xdclass/target/classes:/Users/xdclass/.m2/repository/org/springframework/boot/spring-boot-starter-web/2.3.0.M4/spring-boot-starter-web-2.3.0.M4.jar:/Users/xdclass/.m2/repository/org/springframework/boot/spring-boot-starter/2.3.0.M4/spring-boot-starter-2.3.0.M4.jar:/Users/xdclass/.m2/repository/org/springframework/boot/spring-boot-starter-logging/2.3.0.M4/spring-boot-starter-logging-2.3.0.M4.jar:/Users/xdclass/.m2/repository/ch/qos/logback/logback-classic/1.2.3/logback-classic-1.2.3.jar:/Users/xdclass/.m2/repository/ch/qos/logback/logback-core/1.2.3/logback-core-1.2.3.jar:/Users/xdclass/.m2/repository/org/apache/logging/log4j/log4j-to-slf4j/2.13.1/log4j-to-slf4j-2.13.1.jar:/Users/xdclass/.m2/repository/org/apache/logging/log4j/log4j-api/2.13.1/log4j-api-2.13.1.jar:/Users/xdclass/.m2/repository/org/slf4j/jul-to-slf4j/1.7.30/jul-to-slf4j-1.7.30.jar:/Users/xdclass/.m2/repository/jakarta/annotation/jakarta.annotation-api/1.3.5/jakarta.annotation-api-1.3.5.jar:/Users/xdclass/.m2/repository/org/yaml/snakeyaml/1.26/snakeyaml-1.26.jar:/Users/xdclass/.m2/repository/org/springframework/boot/spring-boot-starter-json/2.3.0.M4/spring-boot-starter-json-2.3.0.M4.jar:/Users/xdclass/.m2/repository/com/fasterxml/jackson/datatype/jackson-datatype-jdk8/2.11.0.rc1/jackson-datatype-jdk8-2.11.0.rc1.jar:/Users/xdclass/.m2/repository/com/fasterxml/jackson/datatype/jackson-datatype-jsr310/2.11.0.rc1/jackson-datatype-jsr310-2.11.0.rc1.jar:/Users/xdclass/.m2/repository/com/fasterxml/jackson/module/jackson-module-parameter-names/2.11.0.rc1/jackson-module-parameter-names-2.11.0.rc1.jar:/Users/xdclass/.m2/repository/org/springframework/boot/spring-boot-starter-tomcat/2.3.0.M4/spring-boot-starter-tomcat-2.3.0.M4.jar:/Users/xdclass/.m2/repository/org/apache/tomcat/embed/tomcat-embed-core/9.0.33/tomcat-embed-core-9.0.33.jar:/Users/xdclass/.m2/repository/org/glassfish/jakarta.el/3.0.3/jakarta.el-3.0.3.jar:/Users/xdclass/.m2/repository/org/apache/tomcat/embed/tomcat-embed-websocket/9.0.33/tomcat-embed-websocket-9.0.33.jar:/Users/xdclass/.m2/repository/org/springframework/spring-web/5.2.5.RELEASE/spring-web-5.2.5.RELEASE.jar:/Users/xdclass/.m2/repository/org/springframework/spring-beans/5.2.5.RELEASE/spring-beans-5.2.5.RELEASE.jar:/Users/xdclass/.m2/repository/org/springframework/spring-webmvc/5.2.5.RELEASE/spring-webmvc-5.2.5.RELEASE.jar:/Users/xdclass/.m2/repository/org/springframework/spring-aop/5.2.5.RELEASE/spring-aop-5.2.5.RELEASE.jar:/Users/xdclass/.m2/repository/org/springframework/spring-context/5.2.5.RELEASE/spring-context-5.2.5.RELEASE.jar:/Users/xdclass/.m2/repository/org/springframework/spring-expression/5.2.5.RELEASE/spring-expression-5.2.5.RELEASE.jar:/Users/xdclass/.m2/repository/org/springframework/boot/spring-boot-starter-test/2.3.0.M4/spring-boot-starter-test-2.3.0.M4.jar:/Users/xdclass/.m2/repository/org/springframework/boot/spring-boot-test/2.3.0.M4/spring-boot-test-2.3.0.M4.jar:/Users/xdclass/.m2/repository/org/springframework/boot/spring-boot-test-autoconfigure/2.3.0.M4/spring-boot-test-autoconfigure-2.3.0.M4.jar:/Users/xdclass/.m2/repository/com/jayway/jsonpath/json-path/2.4.0/json-path-2.4.0.jar:/Users/xdclass/.m2/repository/net/minidev/json-smart/2.3/json-smart-2.3.jar:/Users/xdclass/.m2/repository/net/minidev/accessors-smart/1.2/accessors-smart-1.2.jar:/Users/xdclass/.m2/repository/org/ow2/asm/asm/5.0.4/asm-5.0.4.jar:/Users/xdclass/.m2/repository/org/slf4j/slf4j-api/1.7.30/slf4j-api-1.7.30.jar:/Users/xdclass/.m2/repository/jakarta/xml/bind/jakarta.xml.bind-api/2.3.3/jakarta.xml.bind-api-2.3.3.jar:/Users/xdclass/.m2/repository/jakarta/activation/jakarta.activation-api/1.2.2/jakarta.activation-api-1.2.2.jar:/Users/xdclass/.m2/repository/org/assertj/assertj-core/3.15.0/assertj-core-3.15.0.jar:/Users/xdclass/.m2/repository/org/hamcrest/hamcrest/2.2/hamcrest-2.2.jar:/Users/xdclass/.m2/repository/org/junit/jupiter/junit-jupiter/5.6.1/junit-jupiter-5.6.1.jar:/Users/xdclass/.m2/repository/org/junit/jupiter/junit-jupiter-api/5.6.1/junit-jupiter-api-5.6.1.jar:/Users/xdclass/.m2/repository/org/apiguardian/apiguardian-api/1.1.0/apiguardian-api-1.1.0.jar:/Users/xdclass/.m2/repository/org/opentest4j/opentest4j/1.2.0/opentest4j-1.2.0.jar:/Users/xdclass/.m2/repository/org/junit/platform/junit-platform-commons/1.6.1/junit-platform-commons-1.6.1.jar:/Users/xdclass/.m2/repository/org/junit/jupiter/junit-jupiter-params/5.6.1/junit-jupiter-params-5.6.1.jar:/Users/xdclass/.m2/repository/org/junit/jupiter/junit-jupiter-engine/5.6.1/junit-jupiter-engine-5.6.1.jar:/Users/xdclass/.m2/repository/org/junit/platform/junit-platform-engine/1.6.1/junit-platform-engine-1.6.1.jar:/Users/xdclass/.m2/repository/org/mockito/mockito-core/3.3.3/mockito-core-3.3.3.jar:/Users/xdclass/.m2/repository/net/bytebuddy/byte-buddy/1.10.9/byte-buddy-1.10.9.jar:/Users/xdclass/.m2/repository/net/bytebuddy/byte-buddy-agent/1.10.9/byte-buddy-agent-1.10.9.jar:/Users/xdclass/.m2/repository/org/objenesis/objenesis/2.6/objenesis-2.6.jar:/Users/xdclass/.m2/repository/org/mockito/mockito-junit-jupiter/3.3.3/mockito-junit-jupiter-3.3.3.jar:/Users/xdclass/.m2/repository/org/skyscreamer/jsonassert/1.5.0/jsonassert-1.5.0.jar:/Users/xdclass/.m2/repository/com/vaadin/external/google/android-json/0.0.20131108.vaadin1/android-json-0.0.20131108.vaadin1.jar:/Users/xdclass/.m2/repository/org/springframework/spring-core/5.2.5.RELEASE/spring-core-5.2.5.RELEASE.jar:/Users/xdclass/.m2/repository/org/springframework/spring-jcl/5.2.5.RELEASE/spring-jcl-5.2.5.RELEASE.jar:/Users/xdclass/.m2/repository/org/springframework/spring-test/5.2.5.RELEASE/spring-test-5.2.5.RELEASE.jar:/Users/xdclass/.m2/repository/org/xmlunit/xmlunit-core/2.6.4/xmlunit-core-2.6.4.jar:/Users/xdclass/.m2/repository/org/mybatis/spring/boot/mybatis-spring-boot-starter/2.1.2/mybatis-spring-boot-starter-2.1.2.jar:/Users/xdclass/.m2/repository/org/springframework/boot/spring-boot-starter-jdbc/2.3.0.M4/spring-boot-starter-jdbc-2.3.0.M4.jar:/Users/xdclass/.m2/repository/com/zaxxer/HikariCP/3.4.2/HikariCP-3.4.2.jar:/Users/xdclass/.m2/repository/org/springframework/spring-jdbc/5.2.5.RELEASE/spring-jdbc-5.2.5.RELEASE.jar:/Users/xdclass/.m2/repository/org/springframework/spring-tx/5.2.5.RELEASE/spring-tx-5.2.5.RELEASE.jar:/Users/xdclass/.m2/repository/org/mybatis/spring/boot/mybatis-spring-boot-autoconfigure/2.1.2/mybatis-spring-boot-autoconfigure-2.1.2.jar:/Users/xdclass/.m2/repository/org/mybatis/mybatis/3.5.4/mybatis-3.5.4.jar:/Users/xdclass/.m2/repository/org/mybatis/mybatis-spring/2.0.4/mybatis-spring-2.0.4.jar:/Users/xdclass/.m2/repository/mysql/mysql-connector-java/8.0.19/mysql-connector-java-8.0.19.jar:/Users/xdclass/.m2/repository/org/apache/commons/commons-lang3/3.9/commons-lang3-3.9.jar:/Users/xdclass/.m2/repository/io/jsonwebtoken/jjwt/0.7.0/jjwt-0.7.0.jar:/Users/xdclass/.m2/repository/com/fasterxml/jackson/core/jackson-databind/2.11.0.rc1/jackson-databind-2.11.0.rc1.jar:/Users/xdclass/.m2/repository/com/fasterxml/jackson/core/jackson-annotations/2.11.0.rc1/jackson-annotations-2.11.0.rc1.jar:/Users/xdclass/.m2/repository/com/fasterxml/jackson/core/jackson-core/2.11.0.rc1/jackson-core-2.11.0.rc1.jar:/Users/xdclass/.m2/repository/com/google/guava/guava/19.0/guava-19.0.jar:/Users/xdclass/.m2/repository/org/springframework/boot/spring-boot-devtools/2.3.0.M4/spring-boot-devtools-2.3.0.M4.jar:/Users/xdclass/.m2/repository/org/springframework/boot/spring-boot/2.3.0.M4/spring-boot-2.3.0.M4.jar:/Users/xdclass/.m2/repository/org/springframework/boot/spring-boot-autoconfigure/2.3.0.M4/spring-boot-autoconfigure-2.3.0.M4.jar:"/>
    <property name="java.vm.vendor" value="Oracle Corporation"/>
    <property name="sun.arch.data.model" value="64"/>
    <property name="java.vendor.url" value="https://java.oracle.com/"/>
    <property name="os.name" value="Mac OS X"/>
    <property name="java.vm.specification.version" value="13"/>
    <property name="sun.java.launcher" value="SUN_STANDARD"/>
    <property name="user.country" value="CN"/>
    <property name="sun.boot.library.path" value="/Users/xdclass/Documents/software/jdk13/Contents/Home/lib"/>
    <property name="sun.java.command" value="/Users/xdclass/Desktop/code/online_xdclass/target/surefire/surefirebooter16060156823975212576.jar /Users/xdclass/Desktop/code/online_xdclass/target/surefire 2020-04-17T23-32-42_041-jvmRun1 surefire13186506293089782320tmp surefire_012270759042746307674tmp"/>
    <property name="jdk.debug" value="release"/>
    <property name="surefire.test.class.path" value="/Users/xdclass/Desktop/code/online_xdclass/target/test-classes:/Users/xdclass/Desktop/code/online_xdclass/target/classes:/Users/xdclass/.m2/repository/org/springframework/boot/spring-boot-starter-web/2.3.0.M4/spring-boot-starter-web-2.3.0.M4.jar:/Users/xdclass/.m2/repository/org/springframework/boot/spring-boot-starter/2.3.0.M4/spring-boot-starter-2.3.0.M4.jar:/Users/xdclass/.m2/repository/org/springframework/boot/spring-boot-starter-logging/2.3.0.M4/spring-boot-starter-logging-2.3.0.M4.jar:/Users/xdclass/.m2/repository/ch/qos/logback/logback-classic/1.2.3/logback-classic-1.2.3.jar:/Users/xdclass/.m2/repository/ch/qos/logback/logback-core/1.2.3/logback-core-1.2.3.jar:/Users/xdclass/.m2/repository/org/apache/logging/log4j/log4j-to-slf4j/2.13.1/log4j-to-slf4j-2.13.1.jar:/Users/xdclass/.m2/repository/org/apache/logging/log4j/log4j-api/2.13.1/log4j-api-2.13.1.jar:/Users/xdclass/.m2/repository/org/slf4j/jul-to-slf4j/1.7.30/jul-to-slf4j-1.7.30.jar:/Users/xdclass/.m2/repository/jakarta/annotation/jakarta.annotation-api/1.3.5/jakarta.annotation-api-1.3.5.jar:/Users/xdclass/.m2/repository/org/yaml/snakeyaml/1.26/snakeyaml-1.26.jar:/Users/xdclass/.m2/repository/org/springframework/boot/spring-boot-starter-json/2.3.0.M4/spring-boot-starter-json-2.3.0.M4.jar:/Users/xdclass/.m2/repository/com/fasterxml/jackson/datatype/jackson-datatype-jdk8/2.11.0.rc1/jackson-datatype-jdk8-2.11.0.rc1.jar:/Users/xdclass/.m2/repository/com/fasterxml/jackson/datatype/jackson-datatype-jsr310/2.11.0.rc1/jackson-datatype-jsr310-2.11.0.rc1.jar:/Users/xdclass/.m2/repository/com/fasterxml/jackson/module/jackson-module-parameter-names/2.11.0.rc1/jackson-module-parameter-names-2.11.0.rc1.jar:/Users/xdclass/.m2/repository/org/springframework/boot/spring-boot-starter-tomcat/2.3.0.M4/spring-boot-starter-tomcat-2.3.0.M4.jar:/Users/xdclass/.m2/repository/org/apache/tomcat/embed/tomcat-embed-core/9.0.33/tomcat-embed-core-9.0.33.jar:/Users/xdclass/.m2/repository/org/glassfish/jakarta.el/3.0.3/jakarta.el-3.0.3.jar:/Users/xdclass/.m2/repository/org/apache/tomcat/embed/tomcat-embed-websocket/9.0.33/tomcat-embed-websocket-9.0.33.jar:/Users/xdclass/.m2/repository/org/springframework/spring-web/5.2.5.RELEASE/spring-web-5.2.5.RELEASE.jar:/Users/xdclass/.m2/repository/org/springframework/spring-beans/5.2.5.RELEASE/spring-beans-5.2.5.RELEASE.jar:/Users/xdclass/.m2/repository/org/springframework/spring-webmvc/5.2.5.RELEASE/spring-webmvc-5.2.5.RELEASE.jar:/Users/xdclass/.m2/repository/org/springframework/spring-aop/5.2.5.RELEASE/spring-aop-5.2.5.RELEASE.jar:/Users/xdclass/.m2/repository/org/springframework/spring-context/5.2.5.RELEASE/spring-context-5.2.5.RELEASE.jar:/Users/xdclass/.m2/repository/org/springframework/spring-expression/5.2.5.RELEASE/spring-expression-5.2.5.RELEASE.jar:/Users/xdclass/.m2/repository/org/springframework/boot/spring-boot-starter-test/2.3.0.M4/spring-boot-starter-test-2.3.0.M4.jar:/Users/xdclass/.m2/repository/org/springframework/boot/spring-boot-test/2.3.0.M4/spring-boot-test-2.3.0.M4.jar:/Users/xdclass/.m2/repository/org/springframework/boot/spring-boot-test-autoconfigure/2.3.0.M4/spring-boot-test-autoconfigure-2.3.0.M4.jar:/Users/xdclass/.m2/repository/com/jayway/jsonpath/json-path/2.4.0/json-path-2.4.0.jar:/Users/xdclass/.m2/repository/net/minidev/json-smart/2.3/json-smart-2.3.jar:/Users/xdclass/.m2/repository/net/minidev/accessors-smart/1.2/accessors-smart-1.2.jar:/Users/xdclass/.m2/repository/org/ow2/asm/asm/5.0.4/asm-5.0.4.jar:/Users/xdclass/.m2/repository/org/slf4j/slf4j-api/1.7.30/slf4j-api-1.7.30.jar:/Users/xdclass/.m2/repository/jakarta/xml/bind/jakarta.xml.bind-api/2.3.3/jakarta.xml.bind-api-2.3.3.jar:/Users/xdclass/.m2/repository/jakarta/activation/jakarta.activation-api/1.2.2/jakarta.activation-api-1.2.2.jar:/Users/xdclass/.m2/repository/org/assertj/assertj-core/3.15.0/assertj-core-3.15.0.jar:/Users/xdclass/.m2/repository/org/hamcrest/hamcrest/2.2/hamcrest-2.2.jar:/Users/xdclass/.m2/repository/org/junit/jupiter/junit-jupiter/5.6.1/junit-jupiter-5.6.1.jar:/Users/xdclass/.m2/repository/org/junit/jupiter/junit-jupiter-api/5.6.1/junit-jupiter-api-5.6.1.jar:/Users/xdclass/.m2/repository/org/apiguardian/apiguardian-api/1.1.0/apiguardian-api-1.1.0.jar:/Users/xdclass/.m2/repository/org/opentest4j/opentest4j/1.2.0/opentest4j-1.2.0.jar:/Users/xdclass/.m2/repository/org/junit/platform/junit-platform-commons/1.6.1/junit-platform-commons-1.6.1.jar:/Users/xdclass/.m2/repository/org/junit/jupiter/junit-jupiter-params/5.6.1/junit-jupiter-params-5.6.1.jar:/Users/xdclass/.m2/repository/org/junit/jupiter/junit-jupiter-engine/5.6.1/junit-jupiter-engine-5.6.1.jar:/Users/xdclass/.m2/repository/org/junit/platform/junit-platform-engine/1.6.1/junit-platform-engine-1.6.1.jar:/Users/xdclass/.m2/repository/org/mockito/mockito-core/3.3.3/mockito-core-3.3.3.jar:/Users/xdclass/.m2/repository/net/bytebuddy/byte-buddy/1.10.9/byte-buddy-1.10.9.jar:/Users/xdclass/.m2/repository/net/bytebuddy/byte-buddy-agent/1.10.9/byte-buddy-agent-1.10.9.jar:/Users/xdclass/.m2/repository/org/objenesis/objenesis/2.6/objenesis-2.6.jar:/Users/xdclass/.m2/repository/org/mockito/mockito-junit-jupiter/3.3.3/mockito-junit-jupiter-3.3.3.jar:/Users/xdclass/.m2/repository/org/skyscreamer/jsonassert/1.5.0/jsonassert-1.5.0.jar:/Users/xdclass/.m2/repository/com/vaadin/external/google/android-json/0.0.20131108.vaadin1/android-json-0.0.20131108.vaadin1.jar:/Users/xdclass/.m2/repository/org/springframework/spring-core/5.2.5.RELEASE/spring-core-5.2.5.RELEASE.jar:/Users/xdclass/.m2/repository/org/springframework/spring-jcl/5.2.5.RELEASE/spring-jcl-5.2.5.RELEASE.jar:/Users/xdclass/.m2/repository/org/springframework/spring-test/5.2.5.RELEASE/spring-test-5.2.5.RELEASE.jar:/Users/xdclass/.m2/repository/org/xmlunit/xmlunit-core/2.6.4/xmlunit-core-2.6.4.jar:/Users/xdclass/.m2/repository/org/mybatis/spring/boot/mybatis-spring-boot-starter/2.1.2/mybatis-spring-boot-starter-2.1.2.jar:/Users/xdclass/.m2/repository/org/springframework/boot/spring-boot-starter-jdbc/2.3.0.M4/spring-boot-starter-jdbc-2.3.0.M4.jar:/Users/xdclass/.m2/repository/com/zaxxer/HikariCP/3.4.2/HikariCP-3.4.2.jar:/Users/xdclass/.m2/repository/org/springframework/spring-jdbc/5.2.5.RELEASE/spring-jdbc-5.2.5.RELEASE.jar:/Users/xdclass/.m2/repository/org/springframework/spring-tx/5.2.5.RELEASE/spring-tx-5.2.5.RELEASE.jar:/Users/xdclass/.m2/repository/org/mybatis/spring/boot/mybatis-spring-boot-autoconfigure/2.1.2/mybatis-spring-boot-autoconfigure-2.1.2.jar:/Users/xdclass/.m2/repository/org/mybatis/mybatis/3.5.4/mybatis-3.5.4.jar:/Users/xdclass/.m2/repository/org/mybatis/mybatis-spring/2.0.4/mybatis-spring-2.0.4.jar:/Users/xdclass/.m2/repository/mysql/mysql-connector-java/8.0.19/mysql-connector-java-8.0.19.jar:/Users/xdclass/.m2/repository/org/apache/commons/commons-lang3/3.9/commons-lang3-3.9.jar:/Users/xdclass/.m2/repository/io/jsonwebtoken/jjwt/0.7.0/jjwt-0.7.0.jar:/Users/xdclass/.m2/repository/com/fasterxml/jackson/core/jackson-databind/2.11.0.rc1/jackson-databind-2.11.0.rc1.jar:/Users/xdclass/.m2/repository/com/fasterxml/jackson/core/jackson-annotations/2.11.0.rc1/jackson-annotations-2.11.0.rc1.jar:/Users/xdclass/.m2/repository/com/fasterxml/jackson/core/jackson-core/2.11.0.rc1/jackson-core-2.11.0.rc1.jar:/Users/xdclass/.m2/repository/com/google/guava/guava/19.0/guava-19.0.jar:/Users/xdclass/.m2/repository/org/springframework/boot/spring-boot-devtools/2.3.0.M4/spring-boot-devtools-2.3.0.M4.jar:/Users/xdclass/.m2/repository/org/springframework/boot/spring-boot/2.3.0.M4/spring-boot-2.3.0.M4.jar:/Users/xdclass/.m2/repository/org/springframework/boot/spring-boot-autoconfigure/2.3.0.M4/spring-boot-autoconfigure-2.3.0.M4.jar:"/>
    <property name="sun.cpu.endian" value="little"/>
    <property name="user.home" value="/Users/xdclass"/>
    <property name="user.language" value="zh"/>
    <property name="java.specification.vendor" value="Oracle Corporation"/>
    <property name="java.version.date" value="2019-09-17"/>
    <property name="java.home" value="/Users/xdclass/Documents/software/jdk13/Contents/Home"/>
    <property name="file.separator" value="/"/>
    <property name="basedir" value="/Users/xdclass/Desktop/code/online_xdclass"/>
    <property name="java.vm.compressedOopsMode" value="Zero based"/>
    <property name="line.separator" value="&#10;"/>
    <property name="java.vm.specification.vendor" value="Oracle Corporation"/>
    <property name="java.specification.name" value="Java Platform API Specification"/>
    <property name="surefire.real.class.path" value="/Users/xdclass/Desktop/code/online_xdclass/target/surefire/surefirebooter16060156823975212576.jar"/>
    <property name="user.script" value="Hans"/>
    <property name="sun.management.compiler" value="HotSpot 64-Bit Tiered Compilers"/>
    <property name="java.runtime.version" value="13+33"/>
    <property name="user.name" value="xdclass"/>
    <property name="path.separator" value=":"/>
    <property name="os.version" value="10.13.6"/>
    <property name="java.runtime.name" value="Java(TM) SE Runtime Environment"/>
    <property name="file.encoding" value="UTF-8"/>
    <property name="java.vm.name" value="Java HotSpot(TM) 64-Bit Server VM"/>
    <property name="localRepository" value="/Users/xdclass/.m2/repository"/>
    <property name="java.vendor.url.bug" value="https://bugreport.java.com/bugreport/"/>
    <property name="java.io.tmpdir" value="/var/folders/bb/h8rz_jds2wj9965zl_j2wytc0000gn/T/"/>
    <property name="java.version" value="13"/>
    <property name="user.dir" value="/Users/xdclass/Desktop/code/online_xdclass"/>
    <property name="os.arch" value="x86_64"/>
    <property name="java.vm.specification.name" value="Java Virtual Machine Specification"/>
    <property name="java.library.path" value="/Users/xdclass/Library/Java/Extensions:/Library/Java/Extensions:/Network/Library/Java/Extensions:/System/Library/Java/Extensions:/usr/lib/java:."/>
    <property name="java.vm.info" value="mixed mode, sharing"/>
    <property name="java.vendor" value="Oracle Corporation"/>
    <property name="java.vm.version" value="13+33"/>
    <property name="sun.io.unicode.encoding" value="UnicodeBig"/>
    <property name="java.class.version" value="57.0"/>
  </properties>
  <testcase name="testGeneJwt" classname="net.xdclass.online_xdclass.OnlineXdclassApplicationTests" time="4.536">
    <error type="java.lang.NullPointerException">java.lang.NullPointerException
	at net.xdclass.online_xdclass.OnlineXdclassApplicationTests.testGeneJwt(OnlineXdclassApplicationTests.java:35)
</error>
    <system-out><![CDATA[23:32:42.947 [main] DEBUG org.springframework.test.context.BootstrapUtils - Instantiating CacheAwareContextLoaderDelegate from class [org.springframework.test.context.cache.DefaultCacheAwareContextLoaderDelegate]
23:32:42.961 [main] DEBUG org.springframework.test.context.BootstrapUtils - Instantiating BootstrapContext using constructor [public org.springframework.test.context.support.DefaultBootstrapContext(java.lang.Class,org.springframework.test.context.CacheAwareContextLoaderDelegate)]
23:32:43.011 [main] DEBUG org.springframework.test.context.BootstrapUtils - Instantiating TestContextBootstrapper for test class [net.xdclass.online_xdclass.OnlineXdclassApplicationTests] from class [org.springframework.boot.test.context.SpringBootTestContextBootstrapper]
23:32:43.035 [main] INFO org.springframework.boot.test.context.SpringBootTestContextBootstrapper - Neither @ContextConfiguration nor @ContextHierarchy found for test class [net.xdclass.online_xdclass.OnlineXdclassApplicationTests], using SpringBootContextLoader
23:32:43.043 [main] DEBUG org.springframework.test.context.support.AbstractContextLoader - Did not detect default resource location for test class [net.xdclass.online_xdclass.OnlineXdclassApplicationTests]: class path resource [net/xdclass/online_xdclass/OnlineXdclassApplicationTests-context.xml] does not exist
23:32:43.044 [main] DEBUG org.springframework.test.context.support.AbstractContextLoader - Did not detect default resource location for test class [net.xdclass.online_xdclass.OnlineXdclassApplicationTests]: class path resource [net/xdclass/online_xdclass/OnlineXdclassApplicationTestsContext.groovy] does not exist
23:32:43.044 [main] INFO org.springframework.test.context.support.AbstractContextLoader - Could not detect default resource locations for test class [net.xdclass.online_xdclass.OnlineXdclassApplicationTests]: no resource found for suffixes {-context.xml, Context.groovy}.
23:32:43.045 [main] INFO org.springframework.test.context.support.AnnotationConfigContextLoaderUtils - Could not detect default configuration classes for test class [net.xdclass.online_xdclass.OnlineXdclassApplicationTests]: OnlineXdclassApplicationTests does not declare any static, non-private, non-final, nested classes annotated with @Configuration.
23:32:43.099 [main] DEBUG org.springframework.test.context.support.ActiveProfilesUtils - Could not find an 'annotation declaring class' for annotation type [org.springframework.test.context.ActiveProfiles] and class [net.xdclass.online_xdclass.OnlineXdclassApplicationTests]
23:32:43.179 [main] DEBUG org.springframework.context.annotation.ClassPathScanningCandidateComponentProvider - Identified candidate component class: file [/Users/xdclass/Desktop/code/online_xdclass/target/classes/net/xdclass/online_xdclass/OnlineXdclassApplication.class]
23:32:43.180 [main] INFO org.springframework.boot.test.context.SpringBootTestContextBootstrapper - Found @SpringBootConfiguration net.xdclass.online_xdclass.OnlineXdclassApplication for test class net.xdclass.online_xdclass.OnlineXdclassApplicationTests
23:32:43.282 [main] DEBUG org.springframework.boot.test.context.SpringBootTestContextBootstrapper - @TestExecutionListeners is not present for class [net.xdclass.online_xdclass.OnlineXdclassApplicationTests]: using defaults.
23:32:43.284 [main] INFO org.springframework.boot.test.context.SpringBootTestContextBootstrapper - Loaded default TestExecutionListener class names from location [META-INF/spring.factories]: [org.springframework.boot.test.mock.mockito.MockitoTestExecutionListener, org.springframework.boot.test.mock.mockito.ResetMocksTestExecutionListener, org.springframework.boot.test.autoconfigure.restdocs.RestDocsTestExecutionListener, org.springframework.boot.test.autoconfigure.web.client.MockRestServiceServerResetTestExecutionListener, org.springframework.boot.test.autoconfigure.web.servlet.MockMvcPrintOnlyOnFailureTestExecutionListener, org.springframework.boot.test.autoconfigure.web.servlet.WebDriverTestExecutionListener, org.springframework.test.context.web.ServletTestExecutionListener, org.springframework.test.context.support.DirtiesContextBeforeModesTestExecutionListener, org.springframework.test.context.support.DependencyInjectionTestExecutionListener, org.springframework.test.context.support.DirtiesContextTestExecutionListener, org.springframework.test.context.transaction.TransactionalTestExecutionListener, org.springframework.test.context.jdbc.SqlScriptsTestExecutionListener, org.springframework.test.context.event.EventPublishingTestExecutionListener]
23:32:43.307 [main] INFO org.springframework.boot.test.context.SpringBootTestContextBootstrapper - Using TestExecutionListeners: [org.springframework.test.context.web.ServletTestExecutionListener@4ef782af, org.springframework.test.context.support.DirtiesContextBeforeModesTestExecutionListener@11d8ae8b, org.springframework.boot.test.mock.mockito.MockitoTestExecutionListener@479cbee5, org.springframework.boot.test.autoconfigure.SpringBootDependencyInjectionTestExecutionListener@59e2d8e3, org.springframework.test.context.support.DirtiesContextTestExecutionListener@2b72cb8a, org.springframework.test.context.transaction.TransactionalTestExecutionListener@7f8a9499, org.springframework.test.context.jdbc.SqlScriptsTestExecutionListener@5d43661b, org.springframework.test.context.event.EventPublishingTestExecutionListener@12299890, org.springframework.boot.test.mock.mockito.ResetMocksTestExecutionListener@2fba3fc4, org.springframework.boot.test.autoconfigure.restdocs.RestDocsTestExecutionListener@4bf48f6, org.springframework.boot.test.autoconfigure.web.client.MockRestServiceServerResetTestExecutionListener@420a85c4, org.springframework.boot.test.autoconfigure.web.servlet.MockMvcPrintOnlyOnFailureTestExecutionListener@1c39680d, org.springframework.boot.test.autoconfigure.web.servlet.WebDriverTestExecutionListener@62833051]
23:32:43.323 [main] DEBUG org.springframework.test.context.support.AbstractDirtiesContextTestExecutionListener - Before test class: context [DefaultTestContext@53b7f657 testClass = OnlineXdclassApplicationTests, testInstance = [null], testMethod = [null], testException = [null], mergedContextConfiguration = [WebMergedContextConfiguration@797b0699 testClass = OnlineXdclassApplicationTests, locations = '{}', classes = '{class net.xdclass.online_xdclass.OnlineXdclassApplication}', contextInitializerClasses = '[]', activeProfiles = '{}', propertySourceLocations = '{}', propertySourceProperties = '{org.springframework.boot.test.context.SpringBootTestContextBootstrapper=true}', contextCustomizers = set[org.springframework.boot.test.context.filter.ExcludeFilterContextCustomizer@26b3fd41, org.springframework.boot.test.json.DuplicateJsonObjectContextCustomizerFactory$DuplicateJsonObjectContextCustomizer@2e377400, org.springframework.boot.test.mock.mockito.MockitoContextCustomizer@0, org.springframework.boot.test.web.client.TestRestTemplateContextCustomizer@762ef0ea, org.springframework.boot.test.autoconfigure.properties.PropertyMappingContextCustomizer@0, org.springframework.boot.test.autoconfigure.web.servlet.WebDriverContextCustomizerFactory$Customizer@3571b748], resourceBasePath = 'src/main/webapp', contextLoader = 'org.springframework.boot.test.context.SpringBootContextLoader', parent = [null]], attributes = map['org.springframework.test.context.web.ServletTestExecutionListener.activateListener' -> true]], class annotated with @DirtiesContext [false] with mode [null].
23:32:43.384 [main] DEBUG org.springframework.test.context.support.TestPropertySourceUtils - Adding inlined properties to environment: {spring.jmx.enabled=false, org.springframework.boot.test.context.SpringBootTestContextBootstrapper=true}

  .   ____          _            __ _ _
 /\\ / ___'_ __ _ _(_)_ __  __ _ \ \ \ \
( ( )\___ | '_ | '_| | '_ \/ _` | \ \ \ \
 \\/  ___)| |_)| | | | | || (_| |  ) ) ) )
  '  |____| .__|_| |_|_| |_\__, | / / / /
 =========|_|==============|___/=/_/_/_/
 :: Spring Boot ::             (v2.3.0.M4)

2020-04-17 23:32:43.776  INFO 29006 --- [           main] n.x.o.OnlineXdclassApplicationTests      : Starting OnlineXdclassApplicationTests on xdclass.local with PID 29006 (started by xdclass in /Users/xdclass/Desktop/code/online_xdclass)
2020-04-17 23:32:43.780  INFO 29006 --- [           main] n.x.o.OnlineXdclassApplicationTests      : No active profile set, falling back to default profiles: default
Logging initialized using 'class org.apache.ibatis.logging.stdout.StdOutImpl' adapter.
Parsed mapper file: 'file [/Users/xdclass/Desktop/code/online_xdclass/target/classes/mapper/UserMapper.xml]'
Parsed mapper file: 'file [/Users/xdclass/Desktop/code/online_xdclass/target/classes/mapper/VideoMapper.xml]'
2020-04-17 23:32:45.403  INFO 29006 --- [           main] o.s.s.concurrent.ThreadPoolTaskExecutor  : Initializing ExecutorService 'applicationTaskExecutor'
2020-04-17 23:32:45.750  INFO 29006 --- [           main] n.x.o.OnlineXdclassApplicationTests      : Started OnlineXdclassApplicationTests in 2.354 seconds (JVM running for 3.464)
xdclasseyJhbGciOiJIUzI1NiJ9.eyJzdWIiOiJ4ZGNsYXNzIiwiaGVhZF9pbWciOiJwbmciLCJpZCI6NjYsIm5hbWUiOiLkuozlvZPlrrblsI9EIiwiaWF0IjoxNTg3MTM3NTY2LCJleHAiOjE1ODcxMzc1NjZ9.bGOBXdcctCbJRdhtqHp6uWyOEEzvfkvkmsFTjUE2fSQ
]]></system-out>
  </testcase>
</testsuite>